{
  "0 debug pnpm:scope": {
    "selected": 1
  },
  "1 error pnpm": {
    "code": "ELIFECYCLE",
    "errno": "ENOENT",
    "syscall": "spawn",
    "file": "sh",
    "pkgid": "koranovel@0.1.0",
    "stage": "dev",
    "script": "cross-env NODE_ENV=development nodemon server/index.js --watch server",
    "pkgname": "koranovel",
    "err": {
      "name": "Error",
      "message": "koranovel@0.1.0 dev: `cross-env NODE_ENV=development nodemon server/index.js --watch server`\nspawn ENOENT",
      "code": "ELIFECYCLE",
      "stack": "Error: koranovel@0.1.0 dev: `cross-env NODE_ENV=development nodemon server/index.js --watch server`\nspawn ENOENT\n    at ChildProcess.<anonymous> (/usr/local/lib/node_modules/pnpm/dist/pnpm.cjs:94672:22)\n    at ChildProcess.emit (events.js:375:28)\n    at maybeClose (internal/child_process.js:1055:16)\n    at Process.ChildProcess._handle.onexit (internal/child_process.js:288:5)"
    }
  }
}